<?xml version="1.0" encoding="UTF-8"?>
<!-- Generated by org.testng.reporters.JUnitXMLReporter -->
<testsuite hostname="Nehas-MacBook-Pro.local" name="Default test" tests="4" failures="0" timestamp="11 Apr 2017 08:20:53 GMT" time="25.483" errors="0">
  <testcase name="checkValidLogin" time="0.223" classname="com.project.Reporter.AppTest"/>
  <testcase name="checkValidSignup" time="9.411" classname="com.project.Reporter.AppTest"/>
  <testcase name="checkValidUserid" time="0.179" classname="com.project.Reporter.AppTest"/>
  <testcase name="checkValidSignup1" time="0.139" classname="com.project.Reporter.AppTest"/>
</testsuite> <!-- Default test -->
