<?xml version="1.0" encoding="UTF-8"?>
<!-- Generated by org.testng.reporters.JUnitXMLReporter -->
<testsuite hostname="Nehas-MacBook-Pro.local" name="Command line test" tests="5" failures="0" timestamp="5 Apr 2017 10:39:53 GMT" time="21.393" errors="0">
  <testcase name="checkValidLogin" time="0.131" classname="com.project.Reporter.AppTest"/>
  <testcase name="checkValidSignup" time="5.304" classname="com.project.Reporter.AppTest"/>
  <testcase name="checkValidSignup1" time="2.229" classname="com.project.Reporter.AppTest"/>
  <testcase name="checkValidUserid" time="0.219" classname="com.project.Reporter.AppTest"/>
  <testcase name="verifyLogin" time="0.0" classname="com.project.Reporter.AppTest"/>
</testsuite> <!-- Command line test -->
